<?xml version="1.0" encoding="UTF-8"?>
<testng-results ignored="0" total="2" passed="2" failed="0" skipped="0">
  <reporter-output>
  </reporter-output>
  <suite started-at="2024-02-07T14:02:30Z" name="Default suite" finished-at="2024-02-07T14:03:01Z" duration-ms="30443">
    <groups>
      <group name="cucumber">
        <method signature="AbstractTestNGCucumberTests.runScenario(io.cucumber.testng.PickleWrapper, io.cucumber.testng.FeatureWrapper)[pri:0, instance:runner.RunTest@600b90df]" name="runScenario" class="io.cucumber.testng.AbstractTestNGCucumberTests"/>
      </group> <!-- cucumber -->
    </groups>
    <test started-at="2024-02-07T14:02:30Z" name="Default test" finished-at="2024-02-07T14:03:01Z" duration-ms="30443">
      <class name="runner.RunTest">
        <test-method is-config="true" signature="setUpClass()[pri:0, instance:runner.RunTest@600b90df]" started-at="2024-02-07T14:02:30Z" name="setUpClass" finished-at="2024-02-07T14:02:31Z" duration-ms="442" status="PASS">
          <reporter-output>
          </reporter-output>
        </test-method> <!-- setUpClass -->
        <test-method signature="runScenario(io.cucumber.testng.PickleWrapper, io.cucumber.testng.FeatureWrapper)[pri:0, instance:runner.RunTest@600b90df]" started-at="2024-02-07T14:02:31Z" name="runScenario" description="Runs Cucumber Scenarios" data-provider="scenarios" finished-at="2024-02-07T14:02:47Z" duration-ms="16005" status="PASS">
          <params>
            <param index="0">
              <value>
                <![CDATA["Search keyword on Google website and verify it."]]>
              </value>
            </param>
            <param index="1">
              <value>
                <![CDATA["Search India on Google website and verify search."]]>
              </value>
            </param>
          </params>
          <reporter-output>
          </reporter-output>
        </test-method> <!-- runScenario -->
        <test-method signature="runScenario(io.cucumber.testng.PickleWrapper, io.cucumber.testng.FeatureWrapper)[pri:0, instance:runner.RunTest@600b90df]" started-at="2024-02-07T14:02:47Z" name="runScenario" description="Runs Cucumber Scenarios" data-provider="scenarios" finished-at="2024-02-07T14:03:01Z" duration-ms="13935" status="PASS">
          <params>
            <param index="0">
              <value>
                <![CDATA["Search keyword on Google website and verify it."]]>
              </value>
            </param>
            <param index="1">
              <value>
                <![CDATA["Search India on Google website and verify search."]]>
              </value>
            </param>
          </params>
          <reporter-output>
          </reporter-output>
        </test-method> <!-- runScenario -->
        <test-method is-config="true" signature="tearDownClass()[pri:0, instance:runner.RunTest@600b90df]" started-at="2024-02-07T14:03:01Z" name="tearDownClass" finished-at="2024-02-07T14:03:01Z" duration-ms="15" status="PASS">
          <reporter-output>
          </reporter-output>
        </test-method> <!-- tearDownClass -->
      </class> <!-- runner.RunTest -->
    </test> <!-- Default test -->
  </suite> <!-- Default suite -->
</testng-results>
