<?xml version="1.0" encoding="UTF-8"?>
<testng-results ignored="0" total="2" passed="2" failed="0" skipped="0">
  <reporter-output>
  </reporter-output>
  <suite started-at="2024-03-07T08:32:06Z" name="Default suite" finished-at="2024-03-07T08:32:27Z" duration-ms="20940">
    <groups>
      <group name="cucumber">
        <method signature="AbstractTestNGCucumberTests.runScenario(io.cucumber.testng.PickleWrapper, io.cucumber.testng.FeatureWrapper)[pri:0, instance:runner.RunTest@40e60ece]" name="runScenario" class="io.cucumber.testng.AbstractTestNGCucumberTests"/>
      </group> <!-- cucumber -->
    </groups>
    <test started-at="2024-03-07T08:32:06Z" name="Default test" finished-at="2024-03-07T08:32:27Z" duration-ms="20940">
      <class name="runner.RunTest">
        <test-method is-config="true" signature="setUpClass()[pri:0, instance:runner.RunTest@40e60ece]" started-at="2024-03-07T08:32:06Z" name="setUpClass" finished-at="2024-03-07T08:32:07Z" duration-ms="398" status="PASS">
          <reporter-output>
          </reporter-output>
        </test-method> <!-- setUpClass -->
        <test-method signature="runScenario(io.cucumber.testng.PickleWrapper, io.cucumber.testng.FeatureWrapper)[pri:0, instance:runner.RunTest@40e60ece]" started-at="2024-03-07T08:32:07Z" name="runScenario" description="Runs Cucumber Scenarios" data-provider="scenarios" finished-at="2024-03-07T08:32:19Z" duration-ms="12719" status="PASS">
          <params>
            <param index="0">
              <value>
                <![CDATA["Search keyword on Google website and verify it."]]>
              </value>
            </param>
            <param index="1">
              <value>
                <![CDATA["Search keyword on Google website and verify search."]]>
              </value>
            </param>
          </params>
          <reporter-output>
          </reporter-output>
        </test-method> <!-- runScenario -->
        <test-method signature="runScenario(io.cucumber.testng.PickleWrapper, io.cucumber.testng.FeatureWrapper)[pri:0, instance:runner.RunTest@40e60ece]" started-at="2024-03-07T08:32:20Z" name="runScenario" description="Runs Cucumber Scenarios" data-provider="scenarios" finished-at="2024-03-07T08:32:27Z" duration-ms="7666" status="PASS">
          <params>
            <param index="0">
              <value>
                <![CDATA["Search keyword on Google website and verify it."]]>
              </value>
            </param>
            <param index="1">
              <value>
                <![CDATA["Search keyword on Google website and verify search."]]>
              </value>
            </param>
          </params>
          <reporter-output>
          </reporter-output>
        </test-method> <!-- runScenario -->
        <test-method is-config="true" signature="tearDownClass()[pri:0, instance:runner.RunTest@40e60ece]" started-at="2024-03-07T08:32:27Z" name="tearDownClass" finished-at="2024-03-07T08:32:27Z" duration-ms="0" status="PASS">
          <reporter-output>
          </reporter-output>
        </test-method> <!-- tearDownClass -->
      </class> <!-- runner.RunTest -->
    </test> <!-- Default test -->
  </suite> <!-- Default suite -->
</testng-results>
